#
# There is insufficient memory for the Java Runtime Environment to continue.
# Native memory allocation (malloc) failed to allocate 524736 bytes for Chunk::new
# Possible reasons:
#   The system is out of physical RAM or swap space
#   In 32 bit mode, the process size limit was hit
# Possible solutions:
#   Reduce memory load on the system
#   Increase physical memory or swap space
#   Check if swap backing store is full
#   Use 64 bit Java on a 64 bit OS
#   Decrease Java heap size (-Xmx/-Xms)
#   Decrease number of Java threads
#   Decrease Java thread stack sizes (-Xss)
#   Set larger code cache with -XX:ReservedCodeCacheSize=
# This output file may be truncated or incomplete.
#
#  Out of Memory Error (allocation.cpp:390), pid=8696, tid=0x0000000000003624
#
# JRE version: OpenJDK Runtime Environment (8.0_152-b02) (build 1.8.0_152-release-1024-b02)
# Java VM: OpenJDK 64-Bit Server VM (25.152-b02 mixed mode windows-amd64 compressed oops)
# Failed to write core dump. Minidumps are not enabled by default on client versions of Windows
#

---------------  T H R E A D  ---------------

Current thread (0x0000000013da3800):  JavaThread "C2 CompilerThread1" daemon [_thread_in_native, id=13860, stack(0x00000000154e0000,0x00000000155e0000)]

Stack: [0x00000000154e0000,0x00000000155e0000]
[error occurred during error reporting (printing stack bounds), id 0xc0000005]

Native frames: (J=compiled Java code, j=interpreted, Vv=VM code, C=native code)


Current CompileTask:
C2:  43336 6586   !   4       com.sun.tools.javac.parser.JavaTokenizer::readToken (2243 bytes)


---------------  P R O C E S S  ---------------

Java Threads: ( => current thread )
  0x0000000019df4800 JavaThread "Cache worker for Java compile cache (C:\Users\eli\Desktop\Quantum\QuantumAndroid\ScioDev-v2.1\.gradle\4.4\javaCompile)" [_thread_blocked, id=13156, stack(0x0000000020fc0000,0x00000000210c0000)]
  0x0000000019df3800 JavaThread "Task worker for ':' Thread 3" [_thread_blocked, id=4440, stack(0x0000000020cc0000,0x0000000020dc0000)]
  0x0000000019df6800 JavaThread "Task worker for ':' Thread 2" [_thread_blocked, id=3920, stack(0x0000000020bc0000,0x0000000020cc0000)]
  0x0000000019ded000 JavaThread "Task worker for ':'" [_thread_blocked, id=4584, stack(0x0000000020ac0000,0x0000000020bc0000)]
  0x0000000019df2000 JavaThread "Cache worker for Build Output Cleanup Cache (C:\Users\eli\Desktop\Quantum\QuantumAndroid\ScioDev-v2.1\.gradle\buildOutputCleanup)" [_thread_blocked, id=6280, stack(0x0000000020790000,0x0000000020890000)]
  0x0000000019def000 JavaThread "Cache worker for task history cache (C:\Users\eli\Desktop\Quantum\QuantumAndroid\ScioDev-v2.1\.gradle\4.4\taskHistory)" [_thread_blocked, id=13200, stack(0x0000000020690000,0x0000000020790000)]
  0x0000000019dec000 JavaThread "Cache worker for file content cache (C:\Users\eli\Desktop\Quantum\QuantumAndroid\ScioDev-v2.1\.gradle\4.4\fileContent)" [_thread_blocked, id=13824, stack(0x000000001f8a0000,0x000000001f9a0000)]
  0x0000000019dee800 JavaThread "Memory manager" [_thread_blocked, id=11988, stack(0x000000001f7a0000,0x000000001f8a0000)]
  0x0000000019ded800 JavaThread "pool-1-thread-1" [_thread_blocked, id=5984, stack(0x000000001f4a0000,0x000000001f5a0000)]
  0x0000000017118800 JavaThread "build operations Thread 4" [_thread_blocked, id=11964, stack(0x000000001efa0000,0x000000001f0a0000)]
  0x0000000017117000 JavaThread "build operations Thread 3" [_thread_blocked, id=10548, stack(0x000000001eea0000,0x000000001efa0000)]
  0x000000001711d000 JavaThread "build operations Thread 2" [_thread_blocked, id=8072, stack(0x000000001eda0000,0x000000001eea0000)]
  0x000000001711d800 JavaThread "build operations" [_thread_blocked, id=7628, stack(0x000000001eca0000,0x000000001eda0000)]
  0x000000001711b800 JavaThread "Cache worker for Artifact transforms cache (C:\Users\eli\.gradle\caches\transforms-1)" [_thread_blocked, id=9156, stack(0x000000001e9a0000,0x000000001eaa0000)]
  0x0000000017332800 JavaThread "Cache worker for file hash cache (C:\Users\eli\Desktop\Quantum\QuantumAndroid\ScioDev-v2.1\.gradle\4.4\fileHashes)" [_thread_blocked, id=13016, stack(0x0000000019b80000,0x0000000019c80000)]
  0x0000000016e4b000 JavaThread "File lock request listener" [_thread_in_native, id=4956, stack(0x0000000018ab0000,0x0000000018bb0000)]
  0x0000000016f22800 JavaThread "Cache worker for file hash cache (C:\Users\eli\.gradle\caches\4.4\fileHashes)" [_thread_blocked, id=10088, stack(0x00000000189b0000,0x0000000018ab0000)]
  0x0000000016e4a000 JavaThread "Stdin handler" [_thread_blocked, id=11052, stack(0x00000000186b0000,0x00000000187b0000)]
  0x0000000016e47800 JavaThread "Asynchronous log dispatcher for DefaultDaemonConnection: socket connection from /127.0.0.1:6653 to /127.0.0.1:6658" [_thread_blocked, id=8160, stack(0x00000000185b0000,0x00000000186b0000)]
  0x0000000016e51800 JavaThread "Daemon worker" [_thread_in_native, id=8012, stack(0x00000000184b0000,0x00000000185b0000)]
  0x0000000016e46000 JavaThread "Cancel handler" [_thread_blocked, id=6428, stack(0x00000000183b0000,0x00000000184b0000)]
  0x0000000016d73000 JavaThread "Handler for socket connection from /127.0.0.1:6653 to /127.0.0.1:6658" [_thread_in_native, id=11132, stack(0x00000000180b0000,0x00000000181b0000)]
  0x0000000016d5f000 JavaThread "Daemon" [_thread_blocked, id=7696, stack(0x0000000017fb0000,0x00000000180b0000)]
  0x0000000016d86800 JavaThread "Daemon periodic checks" [_thread_blocked, id=868, stack(0x0000000017eb0000,0x0000000017fb0000)]
  0x0000000016d83800 JavaThread "Incoming local TCP Connector on port 6653" [_thread_in_native, id=296, stack(0x00000000179f0000,0x0000000017af0000)]
  0x0000000013dfe800 JavaThread "Service Thread" daemon [_thread_blocked, id=11704, stack(0x0000000015ae0000,0x0000000015be0000)]
  0x0000000013db5000 JavaThread "C1 CompilerThread2" daemon [_thread_blocked, id=224, stack(0x00000000155e0000,0x00000000156e0000)]
=>0x0000000013da3800 JavaThread "C2 CompilerThread1" daemon [_thread_in_native, id=13860, stack(0x00000000154e0000,0x00000000155e0000)]
  0x0000000013d9f000 JavaThread "C2 CompilerThread0" daemon [_thread_blocked, id=12396, stack(0x00000000153e0000,0x00000000154e0000)]
  0x0000000013d9d800 JavaThread "Attach Listener" daemon [_thread_blocked, id=11696, stack(0x00000000152e0000,0x00000000153e0000)]
  0x0000000013d9c000 JavaThread "Signal Dispatcher" daemon [_thread_blocked, id=13972, stack(0x00000000151e0000,0x00000000152e0000)]
  0x0000000013d8e000 JavaThread "Finalizer" daemon [_thread_blocked, id=4404, stack(0x0000000014ff0000,0x00000000150f0000)]
  0x0000000002a23000 JavaThread "Reference Handler" daemon [_thread_blocked, id=10608, stack(0x0000000014ef0000,0x0000000014ff0000)]
  0x000000000278e800 JavaThread "main" [_thread_blocked, id=5612, stack(0x0000000002830000,0x0000000002930000)]

Other Threads:
  0x0000000013d65000 VMThread [stack: 0x0000000014df0000,0x0000000014ef0000] [id=3644]
  0x000000001570b000 WatcherThread [stack: 0x0000000015be0000,0x0000000015ce0000] [id=11796]

VM state:not at safepoint (normal execution)

VM Mutex/Monitor currently owned by a thread: None

Heap:
 PSYoungGen      total 132608K, used 3966K [0x00000000f5580000, 0x0000000100000000, 0x0000000100000000)
  eden space 115200K, 3% used [0x00000000f5580000,0x00000000f595faa0,0x00000000fc600000)
  from space 17408K, 0% used [0x00000000fc600000,0x00000000fc600000,0x00000000fd700000)
  to   space 17920K, 0% used [0x00000000fee80000,0x00000000fee80000,0x0000000100000000)
 ParOldGen       total 141824K, used 32236K [0x00000000e0000000, 0x00000000e8a80000, 0x00000000f5580000)
  object space 141824K, 22% used [0x00000000e0000000,0x00000000e1f7b2f8,0x00000000e8a80000)
 Metaspace       used 57923K, capacity 59534K, committed 59736K, reserved 1101824K
  class space    used 7905K, capacity 8300K, committed 8320K, reserved 1048576K

Card table byte_map: [0x0000000011df0000,0x0000000011f00000] byte_map_base: 0x00000000116f0000

Marking Bits: (ParMarkBitMap*) 0x000000006e1a4970
 Begin Bits: [0x0000000012300000, 0x0000000012b00000)
 End Bits:   [0x0000000012b00000, 0x0000000013300000)

Polling page: 0x0000000000e70000

CodeCache: size=245760Kb used=19827Kb max_used=19827Kb free=225932Kb
 bounds [0x0000000002a30000, 0x0000000003db0000, 0x0000000011a30000]
 total_blobs=6647 nmethods=5865 adapters=695
 compilation: enabled

Compilation events (10 events):
Event: 43.298 Thread 0x0000000013db5000 6587       3       com.sun.tools.javac.parser.JavaTokenizer::isSpecial (136 bytes)
Event: 43.299 Thread 0x0000000013db5000 nmethod 6587 0x0000000002ff2310 code [0x0000000002ff2460, 0x0000000002ff2650]
Event: 43.299 Thread 0x0000000013db5000 6588       3       com.sun.tools.javac.util.List::iterator (20 bytes)
Event: 43.299 Thread 0x0000000013db5000 nmethod 6588 0x0000000003d91090 code [0x0000000003d91200, 0x0000000003d91530]
Event: 43.300 Thread 0x0000000013db5000 6589       3       com.sun.tools.javac.parser.JavacParser::blockStatement (860 bytes)
Event: 43.310 Thread 0x0000000013db5000 nmethod 6589 0x0000000003d9ce10 code [0x0000000003d9d680, 0x0000000003da2a58]
Event: 43.310 Thread 0x0000000013db5000 6590       3       com.sun.tools.javac.parser.JavacParser::mods (62 bytes)
Event: 43.311 Thread 0x0000000013db5000 nmethod 6590 0x0000000003d99ad0 code [0x0000000003d99c80, 0x0000000003d9a228]
Event: 43.311 Thread 0x0000000013db5000 6591       3       com.sun.tools.javac.parser.Tokens$Token::deprecatedFlag (46 bytes)
Event: 43.312 Thread 0x0000000013db5000 nmethod 6591 0x0000000003d98b50 code [0x0000000003d98d40, 0x0000000003d99778]

GC Heap History (10 events):
Event: 18.121 GC heap before
{Heap before GC invocations=12 (full 2):
 PSYoungGen      total 82944K, used 71680K [0x00000000f5580000, 0x00000000fcb00000, 0x0000000100000000)
  eden space 71680K, 100% used [0x00000000f5580000,0x00000000f9b80000,0x00000000f9b80000)
  from space 11264K, 0% used [0x00000000f9b80000,0x00000000f9b80000,0x00000000fa680000)
  to   space 11264K, 0% used [0x00000000fc000000,0x00000000fc000000,0x00000000fcb00000)
 ParOldGen       total 92672K, used 14620K [0x00000000e0000000, 0x00000000e5a80000, 0x00000000f5580000)
  object space 92672K, 15% used [0x00000000e0000000,0x00000000e0e47110,0x00000000e5a80000)
 Metaspace       used 38508K, capacity 39222K, committed 39512K, reserved 1083392K
  class space    used 5252K, capacity 5499K, committed 5504K, reserved 1048576K
Event: 18.149 GC heap after
Heap after GC invocations=12 (full 2):
 PSYoungGen      total 100352K, used 6840K [0x00000000f5580000, 0x00000000fc700000, 0x0000000100000000)
  eden space 93184K, 0% used [0x00000000f5580000,0x00000000f5580000,0x00000000fb080000)
  from space 7168K, 95% used [0x00000000fc000000,0x00000000fc6ae178,0x00000000fc700000)
  to   space 10752K, 0% used [0x00000000fb200000,0x00000000fb200000,0x00000000fbc80000)
 ParOldGen       total 92672K, used 14628K [0x00000000e0000000, 0x00000000e5a80000, 0x00000000f5580000)
  object space 92672K, 15% used [0x00000000e0000000,0x00000000e0e49110,0x00000000e5a80000)
 Metaspace       used 38508K, capacity 39222K, committed 39512K, reserved 1083392K
  class space    used 5252K, capacity 5499K, committed 5504K, reserved 1048576K
}
Event: 24.669 GC heap before
{Heap before GC invocations=13 (full 2):
 PSYoungGen      total 100352K, used 100024K [0x00000000f5580000, 0x00000000fc700000, 0x0000000100000000)
  eden space 93184K, 100% used [0x00000000f5580000,0x00000000fb080000,0x00000000fb080000)
  from space 7168K, 95% used [0x00000000fc000000,0x00000000fc6ae178,0x00000000fc700000)
  to   space 10752K, 0% used [0x00000000fb200000,0x00000000fb200000,0x00000000fbc80000)
 ParOldGen       total 92672K, used 14628K [0x00000000e0000000, 0x00000000e5a80000, 0x00000000f5580000)
  object space 92672K, 15% used [0x00000000e0000000,0x00000000e0e49110,0x00000000e5a80000)
 Metaspace       used 48054K, capacity 49190K, committed 49368K, reserved 1091584K
  class space    used 6542K, capacity 6860K, committed 6912K, reserved 1048576K
Event: 24.718 GC heap after
Heap after GC invocations=13 (full 2):
 PSYoungGen      total 105472K, used 10731K [0x00000000f5580000, 0x00000000fe480000, 0x0000000100000000)
  eden space 94720K, 0% used [0x00000000f5580000,0x00000000f5580000,0x00000000fb200000)
  from space 10752K, 99% used [0x00000000fb200000,0x00000000fbc7aca0,0x00000000fbc80000)
  to   space 13824K, 0% used [0x00000000fd700000,0x00000000fd700000,0x00000000fe480000)
 ParOldGen       total 92672K, used 19279K [0x00000000e0000000, 0x00000000e5a80000, 0x00000000f5580000)
  object space 92672K, 20% used [0x00000000e0000000,0x00000000e12d3eb0,0x00000000e5a80000)
 Metaspace       used 48054K, capacity 49190K, committed 49368K, reserved 1091584K
  class space    used 6542K, capacity 6860K, committed 6912K, reserved 1048576K
}
Event: 30.376 GC heap before
{Heap before GC invocations=14 (full 2):
 PSYoungGen      total 105472K, used 105451K [0x00000000f5580000, 0x00000000fe480000, 0x0000000100000000)
  eden space 94720K, 100% used [0x00000000f5580000,0x00000000fb200000,0x00000000fb200000)
  from space 10752K, 99% used [0x00000000fb200000,0x00000000fbc7aca0,0x00000000fbc80000)
  to   space 13824K, 0% used [0x00000000fd700000,0x00000000fd700000,0x00000000fe480000)
 ParOldGen       total 92672K, used 19279K [0x00000000e0000000, 0x00000000e5a80000, 0x00000000f5580000)
  object space 92672K, 20% used [0x00000000e0000000,0x00000000e12d3eb0,0x00000000e5a80000)
 Metaspace       used 53729K, capacity 55330K, committed 55640K, reserved 1097728K
  class space    used 7367K, capacity 7774K, committed 7808K, reserved 1048576K
Event: 30.449 GC heap after
Heap after GC invocations=14 (full 2):
 PSYoungGen      total 129024K, used 13822K [0x00000000f5580000, 0x00000000fec80000, 0x0000000100000000)
  eden space 115200K, 0% used [0x00000000f5580000,0x00000000f5580000,0x00000000fc600000)
  from space 13824K, 99% used [0x00000000fd700000,0x00000000fe47f9e0,0x00000000fe480000)
  to   space 17408K, 0% used [0x00000000fc600000,0x00000000fc600000,0x00000000fd700000)
 ParOldGen       total 92672K, used 24800K [0x00000000e0000000, 0x00000000e5a80000, 0x00000000f5580000)
  object space 92672K, 26% used [0x00000000e0000000,0x00000000e1838248,0x00000000e5a80000)
 Metaspace       used 53729K, capacity 55330K, committed 55640K, reserved 1097728K
  class space    used 7367K, capacity 7774K, committed 7808K, reserved 1048576K
}
Event: 35.549 GC heap before
{Heap before GC invocations=15 (full 2):
 PSYoungGen      total 129024K, used 64233K [0x00000000f5580000, 0x00000000fec80000, 0x0000000100000000)
  eden space 115200K, 43% used [0x00000000f5580000,0x00000000f86bad08,0x00000000fc600000)
  from space 13824K, 99% used [0x00000000fd700000,0x00000000fe47f9e0,0x00000000fe480000)
  to   space 17408K, 0% used [0x00000000fc600000,0x00000000fc600000,0x00000000fd700000)
 ParOldGen       total 92672K, used 24800K [0x00000000e0000000, 0x00000000e5a80000, 0x00000000f5580000)
  object space 92672K, 26% used [0x00000000e0000000,0x00000000e1838248,0x00000000e5a80000)
 Metaspace       used 57235K, capacity 58830K, committed 58968K, reserved 1099776K
  class space    used 7846K, capacity 8236K, committed 8320K, reserved 1048576K
Event: 35.596 GC heap after
Heap after GC invocations=15 (full 2):
 PSYoungGen      total 132608K, used 12945K [0x00000000f5580000, 0x0000000100000000, 0x0000000100000000)
  eden space 115200K, 0% used [0x00000000f5580000,0x00000000f5580000,0x00000000fc600000)
  from space 17408K, 74% used [0x00000000fc600000,0x00000000fd2a4740,0x00000000fd700000)
  to   space 17920K, 0% used [0x00000000fee80000,0x00000000fee80000,0x0000000100000000)
 ParOldGen       total 92672K, used 28988K [0x00000000e0000000, 0x00000000e5a80000, 0x00000000f5580000)
  object space 92672K, 31% used [0x00000000e0000000,0x00000000e1c4f120,0x00000000e5a80000)
 Metaspace       used 57235K, capacity 58830K, committed 58968K, reserved 1099776K
  class space    used 7846K, capacity 8236K, committed 8320K, reserved 1048576K
}
Event: 35.596 GC heap before
{Heap before GC invocations=16 (full 3):
 PSYoungGen      total 132608K, used 12945K [0x00000000f5580000, 0x0000000100000000, 0x0000000100000000)
  eden space 115200K, 0% used [0x00000000f5580000,0x00000000f5580000,0x00000000fc600000)
  from space 17408K, 74% used [0x00000000fc600000,0x00000000fd2a4740,0x00000000fd700000)
  to   space 17920K, 0% used [0x00000000fee80000,0x00000000fee80000,0x0000000100000000)
 ParOldGen       total 92672K, used 28988K [0x00000000e0000000, 0x00000000e5a80000, 0x00000000f5580000)
  object space 92672K, 31% used [0x00000000e0000000,0x00000000e1c4f120,0x00000000e5a80000)
 Metaspace       used 57235K, capacity 58830K, committed 58968K, reserved 1099776K
  class space    used 7846K, capacity 8236K, committed 8320K, reserved 1048576K
Event: 36.279 GC heap after
Heap after GC invocations=16 (full 3):
 PSYoungGen      total 132608K, used 0K [0x00000000f5580000, 0x0000000100000000, 0x0000000100000000)
  eden space 115200K, 0% used [0x00000000f5580000,0x00000000f5580000,0x00000000fc600000)
  from space 17408K, 0% used [0x00000000fc600000,0x00000000fc600000,0x00000000fd700000)
  to   space 17920K, 0% used [0x00000000fee80000,0x00000000fee80000,0x0000000100000000)
 ParOldGen       total 141824K, used 32236K [0x00000000e0000000, 0x00000000e8a80000, 0x00000000f5580000)
  object space 141824K, 22% used [0x00000000e0000000,0x00000000e1f7b2f8,0x00000000e8a80000)
 Metaspace       used 57235K, capacity 58830K, committed 58968K, reserved 1099776K
  class space    used 7846K, capacity 8236K, committed 8320K, reserved 1048576K
}

Deoptimization events (10 events):
Event: 31.868 Thread 0x0000000016e51800 Uncommon trap: reason=unstable_if action=reinterpret pc=0x00000000033474a4 method=org.gradle.api.internal.file.pattern.FixedStepPathMatcher.matches([Ljava/lang/String;I)Z @ 35
Event: 31.958 Thread 0x0000000016e51800 Uncommon trap: reason=unstable_if action=reinterpret pc=0x00000000035db724 method=org.gradle.api.internal.file.pattern.FixedStepPathMatcher.matches([Ljava/lang/String;I)Z @ 35
Event: 31.993 Thread 0x0000000016e51800 Uncommon trap: reason=null_assert action=make_not_entrant pc=0x0000000003c3a8f8 method=com.google.common.cache.LocalCache.processPendingNotifications()V @ 9
Event: 34.942 Thread 0x0000000016e51800 Uncommon trap: reason=class_check action=maybe_recompile pc=0x00000000038a4b20 method=java.util.regex.Matcher.search(I)Z @ 86
Event: 34.955 Thread 0x0000000016e51800 Uncommon trap: reason=class_check action=maybe_recompile pc=0x00000000038a4b20 method=java.util.regex.Matcher.search(I)Z @ 86
Event: 34.957 Thread 0x0000000016e51800 Uncommon trap: reason=class_check action=maybe_recompile pc=0x00000000038a4b20 method=java.util.regex.Matcher.search(I)Z @ 86
Event: 34.958 Thread 0x0000000016e51800 Uncommon trap: reason=class_check action=maybe_recompile pc=0x00000000038a4b20 method=java.util.regex.Matcher.search(I)Z @ 86
Event: 34.958 Thread 0x0000000016e51800 Uncommon trap: reason=class_check action=maybe_recompile pc=0x0000000003821800 method=java.util.regex.Matcher.search(I)Z @ 86
Event: 34.958 Thread 0x0000000016e51800 Uncommon trap: reason=class_check action=maybe_recompile pc=0x00000000037f0350 method=java.util.regex.Matcher.search(I)Z @ 86
Event: 42.528 Thread 0x0000000016e51800 Uncommon trap: reason=unstable_if action=reinterpret pc=0x00000000035ec7d4 method=java.lang.StringCoding$StringDecoder.decode([BII)[C @ 20

Classes redefined (0 events):
No events

Internal exceptions (10 events):
Event: 26.949 Thread 0x0000000016e51800 Exception <a 'java/lang/ClassNotFoundException': org/gradle/model/internal/core/NodeBackedModelMapCustomizer> (0x00000000f83cc4e0) thrown at [D:\src\AOSP-openjdk-cygwin\jdk8u\hotspot\src\share\vm\classfile\systemDictionary.cpp, line 210]
Event: 26.953 Thread 0x0000000016e51800 Exception <a 'java/lang/ClassNotFoundException': org/gradle/platform/base/BinaryContainer_ImplCustomizer> (0x00000000f842f6d0) thrown at [D:\src\AOSP-openjdk-cygwin\jdk8u\hotspot\src\share\vm\classfile\systemDictionary.cpp, line 210]
Event: 27.742 Thread 0x0000000016e51800 Exception <a 'java/lang/NoSuchMethodError': <clinit>> (0x00000000f8e356a8) thrown at [D:\src\AOSP-openjdk-cygwin\jdk8u\hotspot\src\share\vm\prims\jni.cpp, line 1613]
Event: 27.744 Thread 0x0000000016e51800 Exception <a 'java/lang/NoSuchMethodError': <clinit>> (0x00000000f8e44258) thrown at [D:\src\AOSP-openjdk-cygwin\jdk8u\hotspot\src\share\vm\prims\jni.cpp, line 1613]
Event: 27.919 Thread 0x0000000016e51800 Exception <a 'java/lang/NoSuchMethodError': <clinit>> (0x00000000f913e1c8) thrown at [D:\src\AOSP-openjdk-cygwin\jdk8u\hotspot\src\share\vm\prims\jni.cpp, line 1613]
Event: 27.924 Thread 0x0000000016e51800 Exception <a 'java/lang/NoSuchMethodError': <clinit>> (0x00000000f9159ec8) thrown at [D:\src\AOSP-openjdk-cygwin\jdk8u\hotspot\src\share\vm\prims\jni.cpp, line 1613]
Event: 27.924 Thread 0x0000000016e51800 Exception <a 'java/lang/NoSuchMethodError': <clinit>> (0x00000000f915bd30) thrown at [D:\src\AOSP-openjdk-cygwin\jdk8u\hotspot\src\share\vm\prims\jni.cpp, line 1613]
Event: 28.045 Thread 0x0000000019ded000 Implicit null exception at 0x00000000030100e2 to 0x0000000003010621
Event: 30.200 Thread 0x0000000019df3800 Exception <a 'java/lang/NoSuchMethodError': <clinit>> (0x00000000f8fb13e8) thrown at [D:\src\AOSP-openjdk-cygwin\jdk8u\hotspot\src\share\vm\prims\jni.cpp, line 1613]
Event: 30.205 Thread 0x0000000019df3800 Exception <a 'java/lang/NoSuchMethodError': <clinit>> (0x00000000f8fbae50) thrown at [D:\src\AOSP-openjdk-cygwin\jdk8u\hotspot\src\share\vm\prims\jni.cpp, line 1613]

Events (10 events):
Event: 43.014 loading class com/sun/tools/javac/parser/JavadocTokenizer$DocReader done
Event: 43.014 Executing VM operation: Deoptimize
Event: 43.016 Executing VM operation: Deoptimize done
Event: 43.017 Thread 0x0000000016e51800 DEOPT PACKING pc=0x0000000003d2c924 sp=0x00000000185a9ae0
Event: 43.017 Thread 0x0000000016e51800 DEOPT UNPACKING pc=0x0000000002a775d0 sp=0x00000000185a9b38 mode 0
Event: 43.054 Thread 0x0000000013db5000 flushing nmethod 0x0000000002ff2210
Event: 43.056 Thread 0x0000000013db5000 flushing nmethod 0x00000000032cc450
Event: 43.076 Thread 0x0000000013d9f000 flushing nmethod 0x00000000039702d0
Event: 43.208 loading class com/sun/tools/javac/tree/TreeInfo$TypeAnnotationFinder
Event: 43.208 loading class com/sun/tools/javac/tree/TreeInfo$TypeAnnotationFinder done


Dynamic libraries:
0x00007ff74fe90000 - 0x00007ff74fec1000 	C:\Program Files\Android\Android Studio\jre\bin\java.exe
0x00007ffbfb330000 - 0x00007ffbfb50b000 	C:\WINDOWS\SYSTEM32\ntdll.dll
0x00007ffbfb1d0000 - 0x00007ffbfb27e000 	C:\WINDOWS\System32\KERNEL32.DLL
0x00007ffbf80a0000 - 0x00007ffbf82e9000 	C:\WINDOWS\System32\KERNELBASE.dll
0x00007ffbf9740000 - 0x00007ffbf97e1000 	C:\WINDOWS\System32\ADVAPI32.dll
0x00007ffbf8ec0000 - 0x00007ffbf8f5d000 	C:\WINDOWS\System32\msvcrt.dll
0x00007ffbf8a20000 - 0x00007ffbf8a79000 	C:\WINDOWS\System32\sechost.dll
0x00007ffbf9a00000 - 0x00007ffbf9b25000 	C:\WINDOWS\System32\RPCRT4.dll
0x00007ffbf8890000 - 0x00007ffbf89da000 	C:\WINDOWS\System32\USER32.dll
0x00007ffbf86e0000 - 0x00007ffbf86fe000 	C:\WINDOWS\System32\win32u.dll
0x00007ffbfb280000 - 0x00007ffbfb2a7000 	C:\WINDOWS\System32\GDI32.dll
0x00007ffbf8700000 - 0x00007ffbf8887000 	C:\WINDOWS\System32\gdi32full.dll
0x00007ffbf7f50000 - 0x00007ffbf7fea000 	C:\WINDOWS\System32\msvcp_win.dll
0x00007ffbf82f0000 - 0x00007ffbf83e6000 	C:\WINDOWS\System32\ucrtbase.dll
0x00007ffbddde0000 - 0x00007ffbde047000 	C:\WINDOWS\WinSxS\amd64_microsoft.windows.common-controls_6595b64144ccf1df_6.0.15063.1058_none_40c74ded29a7bebd\COMCTL32.dll
0x00007ffbf9100000 - 0x00007ffbf93f9000 	C:\WINDOWS\System32\combase.dll
0x00007ffbf84a0000 - 0x00007ffbf850a000 	C:\WINDOWS\System32\bcryptPrimitives.dll
0x00007ffbf89f0000 - 0x00007ffbf8a1d000 	C:\WINDOWS\System32\IMM32.DLL
0x000000006f2a0000 - 0x000000006f372000 	C:\Program Files\Android\Android Studio\jre\jre\bin\msvcr100.dll
0x000000006d9e0000 - 0x000000006e21f000 	C:\Program Files\Android\Android Studio\jre\jre\bin\server\jvm.dll
0x00007ffbf9c00000 - 0x00007ffbf9c08000 	C:\WINDOWS\System32\PSAPI.DLL
0x00007ffbedca0000 - 0x00007ffbedca9000 	C:\WINDOWS\SYSTEM32\WSOCK32.dll
0x00007ffbe7200000 - 0x00007ffbe720a000 	C:\WINDOWS\SYSTEM32\VERSION.dll
0x00007ffbf5c30000 - 0x00007ffbf5c53000 	C:\WINDOWS\SYSTEM32\WINMM.dll
0x00007ffbf9560000 - 0x00007ffbf95cc000 	C:\WINDOWS\System32\WS2_32.dll
0x00007ffbf5970000 - 0x00007ffbf599b000 	C:\WINDOWS\SYSTEM32\winmmbase.dll
0x00007ffbf8050000 - 0x00007ffbf8099000 	C:\WINDOWS\System32\cfgmgr32.dll
0x00007ffbf2530000 - 0x00007ffbf253f000 	C:\Program Files\Android\Android Studio\jre\jre\bin\verify.dll
0x00007ffbea6b0000 - 0x00007ffbea6d9000 	C:\Program Files\Android\Android Studio\jre\jre\bin\java.dll
0x00007ffbead40000 - 0x00007ffbead56000 	C:\Program Files\Android\Android Studio\jre\jre\bin\zip.dll
0x00007ffbf9c70000 - 0x00007ffbfb0a8000 	C:\WINDOWS\System32\SHELL32.dll
0x00007ffbf9b30000 - 0x00007ffbf9bda000 	C:\WINDOWS\System32\shcore.dll
0x00007ffbf7850000 - 0x00007ffbf7f41000 	C:\WINDOWS\System32\windows.storage.dll
0x00007ffbfb170000 - 0x00007ffbfb1c1000 	C:\WINDOWS\System32\shlwapi.dll
0x00007ffbf7810000 - 0x00007ffbf7821000 	C:\WINDOWS\System32\kernel.appcore.dll
0x00007ffbf77a0000 - 0x00007ffbf77ec000 	C:\WINDOWS\System32\powrprof.dll
0x00007ffbf77f0000 - 0x00007ffbf7805000 	C:\WINDOWS\System32\profapi.dll
0x00007ffbea980000 - 0x00007ffbea99a000 	C:\Program Files\Android\Android Studio\jre\jre\bin\net.dll
0x00007ffbf7050000 - 0x00007ffbf70ac000 	C:\WINDOWS\system32\mswsock.dll
0x00007ffbea780000 - 0x00007ffbea791000 	C:\Program Files\Android\Android Studio\jre\jre\bin\nio.dll
0x00007ffbe81f0000 - 0x00007ffbe820e000 	C:\Users\eli\.gradle\native\25\windows-amd64\native-platform.dll
0x00007ffbf2590000 - 0x00007ffbf259d000 	C:\Program Files\Android\Android Studio\jre\jre\bin\management.dll
0x00007ffbf71f0000 - 0x00007ffbf7207000 	C:\WINDOWS\SYSTEM32\CRYPTSP.dll
0x00007ffbf6c70000 - 0x00007ffbf6ca4000 	C:\WINDOWS\system32\rsaenh.dll
0x00007ffbf7670000 - 0x00007ffbf7695000 	C:\WINDOWS\SYSTEM32\bcrypt.dll
0x00007ffbf76d0000 - 0x00007ffbf76f9000 	C:\WINDOWS\SYSTEM32\USERENV.dll
0x00007ffbf7210000 - 0x00007ffbf721b000 	C:\WINDOWS\SYSTEM32\CRYPTBASE.dll
0x00007ffbf6df0000 - 0x00007ffbf6e27000 	C:\WINDOWS\SYSTEM32\IPHLPAPI.DLL
0x00007ffbf89e0000 - 0x00007ffbf89e8000 	C:\WINDOWS\System32\NSI.dll
0x00007ffbeb9c0000 - 0x00007ffbeb9d6000 	C:\WINDOWS\SYSTEM32\dhcpcsvc6.DLL
0x00007ffbec230000 - 0x00007ffbec24a000 	C:\WINDOWS\SYSTEM32\dhcpcsvc.DLL

VM Arguments:
jvm_args: -Xmx1536m -Dfile.encoding=windows-1252 -Duser.country=US -Duser.language=en -Duser.variant -Xmx512M 
java_command: org.gradle.launcher.daemon.bootstrap.GradleDaemon 4.4
java_class_path (initial): C:\Users\eli\.gradle\wrapper\dists\gradle-4.4-all\9br9xq1tocpiv8o6njlyu5op1\gradle-4.4\lib\gradle-launcher-4.4.jar
Launcher Type: SUN_STANDARD

Environment Variables:
_JAVA_OPTIONS=-Xmx512M
USERNAME=eli
OS=Windows_NT
PROCESSOR_IDENTIFIER=Intel64 Family 6 Model 78 Stepping 3, GenuineIntel



---------------  S Y S T E M  ---------------

OS: Windows 10.0 , 64 bit Build 15063 (10.0.15063.1058)

CPU:total 4 (initial active 4) (2 cores per cpu, 2 threads per core) family 6 model 78 stepping 3, cmov, cx8, fxsr, mmx, sse, sse2, sse3, ssse3, sse4.1, sse4.2, popcnt, avx, avx2, aes, clmul, erms, 3dnowpref, lzcnt, ht, tsc, tscinvbit, bmi1, bmi2, adx

Memory: 4k page, physical 8284576k(925740k free), swap 11356576k(4480k free)

vm_info: OpenJDK 64-Bit Server VM (25.152-b02) for windows-amd64 JRE (1.8.0_152-release-1024-b02), built by "builder" with MS VC++ 10.0 (VS2010)

time: Wed Jun 13 10:36:31 2018
elapsed time: 43 seconds (0d 0h 0m 43s)

