#
# There is insufficient memory for the Java Runtime Environment to continue.
# Native memory allocation (malloc) failed to allocate 65552 bytes for Chunk::new
# Possible reasons:
#   The system is out of physical RAM or swap space
#   In 32 bit mode, the process size limit was hit
# Possible solutions:
#   Reduce memory load on the system
#   Increase physical memory or swap space
#   Check if swap backing store is full
#   Use 64 bit Java on a 64 bit OS
#   Decrease Java heap size (-Xmx/-Xms)
#   Decrease number of Java threads
#   Decrease Java thread stack sizes (-Xss)
#   Set larger code cache with -XX:ReservedCodeCacheSize=
# This output file may be truncated or incomplete.
#
#  Out of Memory Error (allocation.cpp:390), pid=6588, tid=0x0000000000002f1c
#
# JRE version: OpenJDK Runtime Environment (8.0_152-b02) (build 1.8.0_152-release-1024-b02)
# Java VM: OpenJDK 64-Bit Server VM (25.152-b02 mixed mode windows-amd64 compressed oops)
# Failed to write core dump. Minidumps are not enabled by default on client versions of Windows
#

---------------  T H R E A D  ---------------

Current thread (0x0000000013d62800):  JavaThread "C2 CompilerThread1" daemon [_thread_in_native, id=12060, stack(0x00000000154a0000,0x00000000155a0000)]

Stack: [0x00000000154a0000,0x00000000155a0000]
[error occurred during error reporting (printing stack bounds), id 0xc0000005]

Native frames: (J=compiled Java code, j=interpreted, Vv=VM code, C=native code)


Current CompileTask:
C2: 110712 10036   !   4       java.io.ObjectOutputStream::writeOrdinaryObject (175 bytes)


---------------  P R O C E S S  ---------------

Java Threads: ( => current thread )
  0x000000001a416000 JavaThread "Memory manager" [_thread_blocked, id=11244, stack(0x000000001f2f0000,0x000000001f3f0000)]
  0x000000001a419000 JavaThread "build operations Thread 4" [_thread_blocked, id=10780, stack(0x000000001e1f0000,0x000000001e2f0000)]
  0x000000001a41b800 JavaThread "build operations Thread 3" [_thread_blocked, id=12000, stack(0x000000001e0f0000,0x000000001e1f0000)]
  0x000000001a418800 JavaThread "build operations Thread 2" [_thread_blocked, id=8036, stack(0x000000001dff0000,0x000000001e0f0000)]
  0x000000001a417800 JavaThread "build operations" [_thread_blocked, id=3204, stack(0x000000001d920000,0x000000001da20000)]
  0x000000001a41a800 JavaThread "Cache worker for Artifact transforms cache (C:\Users\eli\.gradle\caches\transforms-1)" [_thread_blocked, id=13224, stack(0x0000000019bb0000,0x0000000019cb0000)]
  0x0000000016ef8800 JavaThread "Cache worker for file hash cache (C:\Users\eli\Desktop\Quantum\QuantumAndroid\ScioDev_FINAL-v2\ScioDev\.gradle\4.4\fileHashes)" [_thread_blocked, id=12648, stack(0x00000000198b0000,0x00000000199b0000)]
  0x000000001711e800 JavaThread "File lock request listener" [_thread_in_native, id=3344, stack(0x00000000187e0000,0x00000000188e0000)]
  0x0000000016ef9000 JavaThread "Cache worker for file hash cache (C:\Users\eli\.gradle\caches\4.4\fileHashes)" [_thread_blocked, id=6004, stack(0x00000000186e0000,0x00000000187e0000)]
  0x0000000016dcb800 JavaThread "Asynchronous log dispatcher for DefaultDaemonConnection: socket connection from /127.0.0.1:4339 to /127.0.0.1:4340" [_thread_blocked, id=6844, stack(0x00000000182e0000,0x00000000183e0000)]
  0x0000000016db8800 JavaThread "Daemon worker" [_thread_in_vm, id=9600, stack(0x00000000181e0000,0x00000000182e0000)]
  0x0000000016db7000 JavaThread "Cancel handler" [_thread_blocked, id=7520, stack(0x00000000180e0000,0x00000000181e0000)]
  0x0000000016d63000 JavaThread "Handler for socket connection from /127.0.0.1:4339 to /127.0.0.1:4340" [_thread_in_native, id=7256, stack(0x0000000017de0000,0x0000000017ee0000)]
  0x0000000016b6b800 JavaThread "Daemon" [_thread_blocked, id=10356, stack(0x0000000017ce0000,0x0000000017de0000)]
  0x0000000016af8800 JavaThread "Daemon periodic checks" [_thread_blocked, id=8824, stack(0x0000000017be0000,0x0000000017ce0000)]
  0x0000000016cb0800 JavaThread "Incoming local TCP Connector on port 4339" [_thread_in_native, id=8092, stack(0x00000000179b0000,0x0000000017ab0000)]
  0x0000000013dbe000 JavaThread "Service Thread" daemon [_thread_blocked, id=11080, stack(0x0000000015aa0000,0x0000000015ba0000)]
  0x0000000013d67800 JavaThread "C1 CompilerThread2" daemon [_thread_blocked, id=8716, stack(0x00000000155a0000,0x00000000156a0000)]
=>0x0000000013d62800 JavaThread "C2 CompilerThread1" daemon [_thread_in_native, id=12060, stack(0x00000000154a0000,0x00000000155a0000)]
  0x0000000013d5e000 JavaThread "C2 CompilerThread0" daemon [_thread_in_native, id=408, stack(0x00000000153a0000,0x00000000154a0000)]
  0x0000000013d5c800 JavaThread "Attach Listener" daemon [_thread_blocked, id=12760, stack(0x00000000152a0000,0x00000000153a0000)]
  0x0000000013d5b000 JavaThread "Signal Dispatcher" daemon [_thread_blocked, id=6664, stack(0x00000000151a0000,0x00000000152a0000)]
  0x0000000002938800 JavaThread "Finalizer" daemon [_thread_blocked, id=8392, stack(0x0000000014fb0000,0x00000000150b0000)]
  0x0000000002933000 JavaThread "Reference Handler" daemon [_thread_blocked, id=9380, stack(0x0000000014eb0000,0x0000000014fb0000)]
  0x0000000000e5e800 JavaThread "main" [_thread_blocked, id=1096, stack(0x0000000002670000,0x0000000002770000)]

Other Threads:
  0x0000000013d24800 VMThread [stack: 0x0000000014db0000,0x0000000014eb0000] [id=9644]
  0x00000000156c4000 WatcherThread [stack: 0x0000000015ba0000,0x0000000015ca0000] [id=11560]

VM state:not at safepoint (normal execution)

VM Mutex/Monitor currently owned by a thread: None

Heap:
 PSYoungGen      total 153600K, used 105988K [0x00000000f5580000, 0x0000000100000000, 0x0000000100000000)
  eden space 132608K, 75% used [0x00000000f5580000,0x00000000fb79c698,0x00000000fd700000)
  from space 20992K, 26% used [0x00000000fd700000,0x00000000fdc64af0,0x00000000feb80000)
  to   space 20480K, 0% used [0x00000000fec00000,0x00000000fec00000,0x0000000100000000)
 ParOldGen       total 95744K, used 42611K [0x00000000e0000000, 0x00000000e5d80000, 0x00000000f5580000)
  object space 95744K, 44% used [0x00000000e0000000,0x00000000e299cd58,0x00000000e5d80000)
 Metaspace       used 64657K, capacity 66830K, committed 67032K, reserved 1107968K
  class space    used 8571K, capacity 9094K, committed 9216K, reserved 1048576K

Card table byte_map: [0x0000000011d00000,0x0000000011e10000] byte_map_base: 0x0000000011600000

Marking Bits: (ParMarkBitMap*) 0x0000000052d54970
 Begin Bits: [0x00000000122c0000, 0x0000000012ac0000)
 End Bits:   [0x0000000012ac0000, 0x00000000132c0000)

Polling page: 0x0000000002770000

CodeCache: size=245760Kb used=28742Kb max_used=28742Kb free=217017Kb
 bounds [0x0000000002940000, 0x0000000004580000, 0x0000000011940000]
 total_blobs=9205 nmethods=8387 adapters=730
 compilation: enabled

Compilation events (10 events):
Event: 110.581 Thread 0x0000000013d67800 10044       3       sun.reflect.AccessorGenerator::emitCommonConstantPoolEntries (573 bytes)
Event: 110.595 Thread 0x0000000013d67800 nmethod 10044 0x000000000455e950 code [0x000000000455f900, 0x0000000004567db8]
Event: 110.611 Thread 0x0000000013d67800 10045       3       java.io.ObjectStreamClass::matchFields (247 bytes)
Event: 110.614 Thread 0x0000000013d67800 nmethod 10045 0x000000000456f050 code [0x000000000456f3c0, 0x00000000045711f8]
Event: 110.642 Thread 0x0000000013d67800 10046   !   3       java.io.ObjectStreamClass::getReflector (336 bytes)
Event: 110.646 Thread 0x0000000013d67800 nmethod 10046 0x00000000045725d0 code [0x0000000004572a80, 0x0000000004575fb8]
Event: 110.659 Thread 0x0000000013d67800 10047  s    3       java.io.File::writeObject (12 bytes)
Event: 110.659 Thread 0x0000000013d67800 nmethod 10047 0x0000000004577610 code [0x00000000045777a0, 0x0000000004577c38]
Event: 110.661 Thread 0x0000000013d67800 10048       3       java.io.Bits::putChar (16 bytes)
Event: 110.662 Thread 0x0000000013d67800 nmethod 10048 0x0000000004577dd0 code [0x0000000004577f20, 0x0000000004578090]

GC Heap History (10 events):
Event: 56.938 GC heap before
{Heap before GC invocations=14 (full 2):
 PSYoungGen      total 160256K, used 158442K [0x00000000f5580000, 0x0000000100000000, 0x0000000100000000)
  eden space 146432K, 100% used [0x00000000f5580000,0x00000000fe480000,0x00000000fe480000)
  from space 13824K, 86% used [0x00000000fe480000,0x00000000ff03a808,0x00000000ff200000)
  to   space 14336K, 0% used [0x00000000ff200000,0x00000000ff200000,0x0000000100000000)
 ParOldGen       total 73216K, used 15417K [0x00000000e0000000, 0x00000000e4780000, 0x00000000f5580000)
  object space 73216K, 21% used [0x00000000e0000000,0x00000000e0f0e608,0x00000000e4780000)
 Metaspace       used 57307K, capacity 58832K, committed 59028K, reserved 1099776K
  class space    used 7518K, capacity 7925K, committed 7936K, reserved 1048576K
Event: 56.966 GC heap after
Heap after GC invocations=14 (full 2):
 PSYoungGen      total 150016K, used 14330K [0x00000000f5580000, 0x0000000100000000, 0x0000000100000000)
  eden space 135680K, 0% used [0x00000000f5580000,0x00000000f5580000,0x00000000fda00000)
  from space 14336K, 99% used [0x00000000ff200000,0x00000000ffffe828,0x0000000100000000)
  to   space 19456K, 0% used [0x00000000fda00000,0x00000000fda00000,0x00000000fed00000)
 ParOldGen       total 73216K, used 23771K [0x00000000e0000000, 0x00000000e4780000, 0x00000000f5580000)
  object space 73216K, 32% used [0x00000000e0000000,0x00000000e1736e18,0x00000000e4780000)
 Metaspace       used 57307K, capacity 58832K, committed 59028K, reserved 1099776K
  class space    used 7518K, capacity 7925K, committed 7936K, reserved 1048576K
}
Event: 56.969 GC heap before
{Heap before GC invocations=15 (full 2):
 PSYoungGen      total 150016K, used 16334K [0x00000000f5580000, 0x0000000100000000, 0x0000000100000000)
  eden space 135680K, 1% used [0x00000000f5580000,0x00000000f57750e0,0x00000000fda00000)
  from space 14336K, 99% used [0x00000000ff200000,0x00000000ffffe828,0x0000000100000000)
  to   space 19456K, 0% used [0x00000000fda00000,0x00000000fda00000,0x00000000fed00000)
 ParOldGen       total 73216K, used 23771K [0x00000000e0000000, 0x00000000e4780000, 0x00000000f5580000)
  object space 73216K, 32% used [0x00000000e0000000,0x00000000e1736e18,0x00000000e4780000)
 Metaspace       used 57313K, capacity 58832K, committed 59028K, reserved 1099776K
  class space    used 7518K, capacity 7925K, committed 7936K, reserved 1048576K
Event: 56.986 GC heap after
Heap after GC invocations=15 (full 2):
 PSYoungGen      total 136192K, used 96K [0x00000000f5580000, 0x0000000100000000, 0x0000000100000000)
  eden space 135680K, 0% used [0x00000000f5580000,0x00000000f5580000,0x00000000fda00000)
  from space 512K, 18% used [0x00000000fda00000,0x00000000fda18000,0x00000000fda80000)
  to   space 19968K, 0% used [0x00000000fec80000,0x00000000fec80000,0x0000000100000000)
 ParOldGen       total 73216K, used 35271K [0x00000000e0000000, 0x00000000e4780000, 0x00000000f5580000)
  object space 73216K, 48% used [0x00000000e0000000,0x00000000e2271ff8,0x00000000e4780000)
 Metaspace       used 57313K, capacity 58832K, committed 59028K, reserved 1099776K
  class space    used 7518K, capacity 7925K, committed 7936K, reserved 1048576K
}
Event: 56.986 GC heap before
{Heap before GC invocations=16 (full 3):
 PSYoungGen      total 136192K, used 96K [0x00000000f5580000, 0x0000000100000000, 0x0000000100000000)
  eden space 135680K, 0% used [0x00000000f5580000,0x00000000f5580000,0x00000000fda00000)
  from space 512K, 18% used [0x00000000fda00000,0x00000000fda18000,0x00000000fda80000)
  to   space 19968K, 0% used [0x00000000fec80000,0x00000000fec80000,0x0000000100000000)
 ParOldGen       total 73216K, used 35271K [0x00000000e0000000, 0x00000000e4780000, 0x00000000f5580000)
  object space 73216K, 48% used [0x00000000e0000000,0x00000000e2271ff8,0x00000000e4780000)
 Metaspace       used 57313K, capacity 58832K, committed 59028K, reserved 1099776K
  class space    used 7518K, capacity 7925K, committed 7936K, reserved 1048576K
Event: 57.357 GC heap after
Heap after GC invocations=16 (full 3):
 PSYoungGen      total 136192K, used 0K [0x00000000f5580000, 0x0000000100000000, 0x0000000100000000)
  eden space 135680K, 0% used [0x00000000f5580000,0x00000000f5580000,0x00000000fda00000)
  from space 512K, 0% used [0x00000000fda00000,0x00000000fda00000,0x00000000fda80000)
  to   space 19968K, 0% used [0x00000000fec80000,0x00000000fec80000,0x0000000100000000)
 ParOldGen       total 95744K, used 30547K [0x00000000e0000000, 0x00000000e5d80000, 0x00000000f5580000)
  object space 95744K, 31% used [0x00000000e0000000,0x00000000e1dd4d08,0x00000000e5d80000)
 Metaspace       used 57263K, capacity 58688K, committed 59028K, reserved 1099776K
  class space    used 7503K, capacity 7878K, committed 7936K, reserved 1048576K
}
Event: 59.369 GC heap before
{Heap before GC invocations=17 (full 3):
 PSYoungGen      total 136192K, used 135680K [0x00000000f5580000, 0x0000000100000000, 0x0000000100000000)
  eden space 135680K, 100% used [0x00000000f5580000,0x00000000fda00000,0x00000000fda00000)
  from space 512K, 0% used [0x00000000fda00000,0x00000000fda00000,0x00000000fda80000)
  to   space 19968K, 0% used [0x00000000fec80000,0x00000000fec80000,0x0000000100000000)
 ParOldGen       total 95744K, used 30547K [0x00000000e0000000, 0x00000000e5d80000, 0x00000000f5580000)
  object space 95744K, 31% used [0x00000000e0000000,0x00000000e1dd4d08,0x00000000e5d80000)
 Metaspace       used 62015K, capacity 63898K, committed 64088K, reserved 1103872K
  class space    used 8257K, capacity 8721K, committed 8832K, reserved 1048576K
Event: 59.462 GC heap after
Heap after GC invocations=17 (full 3):
 PSYoungGen      total 152576K, used 14782K [0x00000000f5580000, 0x0000000100000000, 0x0000000100000000)
  eden space 132608K, 0% used [0x00000000f5580000,0x00000000f5580000,0x00000000fd700000)
  from space 19968K, 74% used [0x00000000fec80000,0x00000000ffaef9f8,0x0000000100000000)
  to   space 20992K, 0% used [0x00000000fd700000,0x00000000fd700000,0x00000000feb80000)
 ParOldGen       total 95744K, used 30555K [0x00000000e0000000, 0x00000000e5d80000, 0x00000000f5580000)
  object space 95744K, 31% used [0x00000000e0000000,0x00000000e1dd6d08,0x00000000e5d80000)
 Metaspace       used 62015K, capacity 63898K, committed 64088K, reserved 1103872K
  class space    used 8257K, capacity 8721K, committed 8832K, reserved 1048576K
}
Event: 76.080 GC heap before
{Heap before GC invocations=18 (full 3):
 PSYoungGen      total 152576K, used 147390K [0x00000000f5580000, 0x0000000100000000, 0x0000000100000000)
  eden space 132608K, 100% used [0x00000000f5580000,0x00000000fd700000,0x00000000fd700000)
  from space 19968K, 74% used [0x00000000fec80000,0x00000000ffaef9f8,0x0000000100000000)
  to   space 20992K, 0% used [0x00000000fd700000,0x00000000fd700000,0x00000000feb80000)
 ParOldGen       total 95744K, used 30555K [0x00000000e0000000, 0x00000000e5d80000, 0x00000000f5580000)
  object space 95744K, 31% used [0x00000000e0000000,0x00000000e1dd6d08,0x00000000e5d80000)
 Metaspace       used 62682K, capacity 64588K, committed 64728K, reserved 1105920K
  class space    used 8354K, capacity 8834K, committed 8960K, reserved 1048576K
Event: 76.114 GC heap after
Heap after GC invocations=18 (full 3):
 PSYoungGen      total 153600K, used 5522K [0x00000000f5580000, 0x0000000100000000, 0x0000000100000000)
  eden space 132608K, 0% used [0x00000000f5580000,0x00000000f5580000,0x00000000fd700000)
  from space 20992K, 26% used [0x00000000fd700000,0x00000000fdc64af0,0x00000000feb80000)
  to   space 20480K, 0% used [0x00000000fec00000,0x00000000fec00000,0x0000000100000000)
 ParOldGen       total 95744K, used 42611K [0x00000000e0000000, 0x00000000e5d80000, 0x00000000f5580000)
  object space 95744K, 44% used [0x00000000e0000000,0x00000000e299cd58,0x00000000e5d80000)
 Metaspace       used 62682K, capacity 64588K, committed 64728K, reserved 1105920K
  class space    used 8354K, capacity 8834K, committed 8960K, reserved 1048576K
}

Deoptimization events (10 events):
Event: 109.438 Thread 0x0000000016db8800 Uncommon trap: reason=class_check action=maybe_recompile pc=0x000000000392a6e4 method=java.io.ObjectOutputStream$BlockDataOutputStream.drain()V @ 36
Event: 109.438 Thread 0x0000000016db8800 Uncommon trap: reason=class_check action=maybe_recompile pc=0x0000000003b5f9d0 method=java.io.ObjectOutputStream.writeNonProxyDesc(Ljava/io/ObjectStreamClass;Z)V @ 44
Event: 109.438 Thread 0x0000000016db8800 Uncommon trap: reason=class_check action=maybe_recompile pc=0x000000000392a6e4 method=java.io.ObjectOutputStream$BlockDataOutputStream.drain()V @ 36
Event: 109.438 Thread 0x0000000016db8800 Uncommon trap: reason=class_check action=maybe_recompile pc=0x000000000389a604 method=java.io.ObjectOutputStream$BlockDataOutputStream.drain()V @ 36
Event: 109.438 Thread 0x0000000016db8800 Uncommon trap: reason=class_check action=maybe_recompile pc=0x0000000003b5f9d0 method=java.io.ObjectOutputStream.writeNonProxyDesc(Ljava/io/ObjectStreamClass;Z)V @ 44
Event: 109.438 Thread 0x0000000016db8800 Uncommon trap: reason=class_check action=maybe_recompile pc=0x000000000392a6e4 method=java.io.ObjectOutputStream$BlockDataOutputStream.drain()V @ 36
Event: 109.443 Thread 0x0000000016db8800 Uncommon trap: reason=unstable_if action=reinterpret pc=0x0000000003b60b48 method=java.io.ObjectOutputStream.writeClassDesc(Ljava/io/ObjectStreamClass;Z)V @ 41
Event: 109.443 Thread 0x0000000016db8800 Uncommon trap: reason=unstable_if action=reinterpret pc=0x00000000035c5038 method=java.lang.reflect.Proxy.isProxyClass(Ljava/lang/Class;)Z @ 6
Event: 109.484 Thread 0x0000000016db8800 Uncommon trap: reason=unstable_if action=reinterpret pc=0x0000000003a07288 method=java.io.ObjectOutputStream$HandleTable.assign(Ljava/lang/Object;)I @ 24
Event: 110.135 Thread 0x0000000016db8800 Uncommon trap: reason=unstable_if action=reinterpret pc=0x0000000003547ab8 method=java.io.ObjectStreamField.isPrimitive()Z @ 18

Classes redefined (0 events):
No events

Internal exceptions (10 events):
Event: 60.047 Thread 0x0000000016db8800 Exception <a 'java/lang/ClassNotFoundException': org/gradle/api/internal/DelegatingDomainObjectSetBeanInfo> (0x00000000f7889ec8) thrown at [D:\src\AOSP-openjdk-cygwin\jdk8u\hotspot\src\share\vm\classfile\systemDictionary.cpp, line 210]
Event: 60.048 Thread 0x0000000016db8800 Exception <a 'java/lang/ClassNotFoundException': org/gradle/api/internal/DelegatingDomainObjectSetCustomizer> (0x00000000f789ecd0) thrown at [D:\src\AOSP-openjdk-cygwin\jdk8u\hotspot\src\share\vm\classfile\systemDictionary.cpp, line 210]
Event: 60.049 Thread 0x0000000016db8800 Exception <a 'java/lang/ClassNotFoundException': org/gradle/api/internal/artifacts/DefaultPublishArtifactSetCustomizer> (0x00000000f78e9e40) thrown at [D:\src\AOSP-openjdk-cygwin\jdk8u\hotspot\src\share\vm\classfile\systemDictionary.cpp, line 210]
Event: 60.052 Thread 0x0000000016db8800 Exception <a 'java/lang/ClassNotFoundException': org/gradle/api/internal/file/DefaultFileCollectionFactory$1BeanInfo> (0x00000000f7926ce8) thrown at [D:\src\AOSP-openjdk-cygwin\jdk8u\hotspot\src\share\vm\classfile\systemDictionary.cpp, line 210]
Event: 60.056 Thread 0x0000000016db8800 Exception <a 'java/lang/ClassNotFoundException': org/gradle/api/internal/file/collections/FileCollectionAdapterBeanInfo> (0x00000000f793dc30) thrown at [D:\src\AOSP-openjdk-cygwin\jdk8u\hotspot\src\share\vm\classfile\systemDictionary.cpp, line 210]
Event: 60.057 Thread 0x0000000016db8800 Exception <a 'java/lang/ClassNotFoundException': org/gradle/api/internal/file/collections/FileCollectionAdapterCustomizer> (0x00000000f79553f0) thrown at [D:\src\AOSP-openjdk-cygwin\jdk8u\hotspot\src\share\vm\classfile\systemDictionary.cpp, line 210]
Event: 60.059 Thread 0x0000000016db8800 Exception <a 'java/lang/ClassNotFoundException': org/gradle/api/internal/file/DefaultFileCollectionFactory$1Customizer> (0x00000000f7975330) thrown at [D:\src\AOSP-openjdk-cygwin\jdk8u\hotspot\src\share\vm\classfile\systemDictionary.cpp, line 210]
Event: 87.515 Thread 0x000000001a419000 Implicit null exception at 0x000000000336db21 to 0x0000000003371261
Event: 106.075 Thread 0x0000000016db8800 Exception <a 'java/lang/NoSuchMethodError': java.lang.Object.lambda$negate$1(Ljava/lang/Object;)Z> (0x00000000f9f1ce10) thrown at [D:\src\AOSP-openjdk-cygwin\jdk8u\hotspot\src\share\vm\interpreter\linkResolver.cpp, line 584]
Event: 109.433 Thread 0x0000000016db8800 Implicit null exception at 0x00000000039f04b1 to 0x00000000039f056a

Events (10 events):
Event: 110.147 loading class com/google/common/collect/ImmutableList$SerializedForm
Event: 110.147 loading class com/google/common/collect/ImmutableList$SerializedForm done
Event: 110.160 loading class com/google/common/collect/ImmutableSet$SerializedForm
Event: 110.160 loading class com/google/common/collect/ImmutableSet$SerializedForm done
Event: 110.490 loading class com/android/build/gradle/internal/ide/EarlySyncBuildOutput
Event: 110.490 loading class com/android/build/gradle/internal/ide/EarlySyncBuildOutput done
Event: 110.492 loading class com/android/build/gradle/internal/ide/AndroidArtifactOutputImpl
Event: 110.492 loading class com/android/build/gradle/internal/ide/AndroidArtifactOutputImpl done
Event: 110.493 loading class com/android/builder/model/AndroidArtifactOutput
Event: 110.493 loading class com/android/builder/model/AndroidArtifactOutput done


Dynamic libraries:
0x00007ff6f88d0000 - 0x00007ff6f8901000 	C:\Program Files\Android\Android Studio\jre\bin\java.exe
0x00007ffc72260000 - 0x00007ffc7243b000 	C:\WINDOWS\SYSTEM32\ntdll.dll
0x00007ffc715a0000 - 0x00007ffc7164e000 	C:\WINDOWS\System32\KERNEL32.DLL
0x00007ffc6f1b0000 - 0x00007ffc6f3f9000 	C:\WINDOWS\System32\KERNELBASE.dll
0x00007ffc717b0000 - 0x00007ffc71851000 	C:\WINDOWS\System32\ADVAPI32.dll
0x00007ffc71f70000 - 0x00007ffc7200d000 	C:\WINDOWS\System32\msvcrt.dll
0x00007ffc71da0000 - 0x00007ffc71df9000 	C:\WINDOWS\System32\sechost.dll
0x00007ffc71410000 - 0x00007ffc71535000 	C:\WINDOWS\System32\RPCRT4.dll
0x00007ffc71660000 - 0x00007ffc717aa000 	C:\WINDOWS\System32\USER32.dll
0x00007ffc6f560000 - 0x00007ffc6f57e000 	C:\WINDOWS\System32\win32u.dll
0x00007ffc72010000 - 0x00007ffc72037000 	C:\WINDOWS\System32\GDI32.dll
0x00007ffc6f580000 - 0x00007ffc6f707000 	C:\WINDOWS\System32\gdi32full.dll
0x00007ffc6f470000 - 0x00007ffc6f50a000 	C:\WINDOWS\System32\msvcp_win.dll
0x00007ffc6e780000 - 0x00007ffc6e876000 	C:\WINDOWS\System32\ucrtbase.dll
0x00007ffc53400000 - 0x00007ffc53667000 	C:\WINDOWS\WinSxS\amd64_microsoft.windows.common-controls_6595b64144ccf1df_6.0.15063.1058_none_40c74ded29a7bebd\COMCTL32.dll
0x00007ffc6fb60000 - 0x00007ffc6fe59000 	C:\WINDOWS\System32\combase.dll
0x00007ffc6f400000 - 0x00007ffc6f46a000 	C:\WINDOWS\System32\bcryptPrimitives.dll
0x00007ffc71d60000 - 0x00007ffc71d8d000 	C:\WINDOWS\System32\IMM32.DLL
0x00000000524b0000 - 0x0000000052582000 	C:\Program Files\Android\Android Studio\jre\jre\bin\msvcr100.dll
0x0000000052590000 - 0x0000000052dcf000 	C:\Program Files\Android\Android Studio\jre\jre\bin\server\jvm.dll
0x00007ffc71650000 - 0x00007ffc71658000 	C:\WINDOWS\System32\PSAPI.DLL
0x00007ffc6a830000 - 0x00007ffc6a839000 	C:\WINDOWS\SYSTEM32\WSOCK32.dll
0x00007ffc6cb60000 - 0x00007ffc6cb83000 	C:\WINDOWS\SYSTEM32\WINMM.dll
0x00007ffc6f910000 - 0x00007ffc6f97c000 	C:\WINDOWS\System32\WS2_32.dll
0x00007ffc614e0000 - 0x00007ffc614ea000 	C:\WINDOWS\SYSTEM32\VERSION.dll
0x00007ffc6cb30000 - 0x00007ffc6cb5b000 	C:\WINDOWS\SYSTEM32\WINMMBASE.dll
0x00007ffc6f510000 - 0x00007ffc6f559000 	C:\WINDOWS\System32\cfgmgr32.dll
0x00007ffc6cce0000 - 0x00007ffc6ccef000 	C:\Program Files\Android\Android Studio\jre\jre\bin\verify.dll
0x00007ffc6b640000 - 0x00007ffc6b669000 	C:\Program Files\Android\Android Studio\jre\jre\bin\java.dll
0x00007ffc6b620000 - 0x00007ffc6b636000 	C:\Program Files\Android\Android Studio\jre\jre\bin\zip.dll
0x00007ffc6fe60000 - 0x00007ffc71298000 	C:\WINDOWS\System32\SHELL32.dll
0x00007ffc6f7c0000 - 0x00007ffc6f86a000 	C:\WINDOWS\System32\shcore.dll
0x00007ffc6eab0000 - 0x00007ffc6f1a1000 	C:\WINDOWS\System32\windows.storage.dll
0x00007ffc71540000 - 0x00007ffc71591000 	C:\WINDOWS\System32\shlwapi.dll
0x00007ffc6e740000 - 0x00007ffc6e751000 	C:\WINDOWS\System32\kernel.appcore.dll
0x00007ffc6e6d0000 - 0x00007ffc6e71c000 	C:\WINDOWS\System32\powrprof.dll
0x00007ffc6e720000 - 0x00007ffc6e735000 	C:\WINDOWS\System32\profapi.dll
0x00007ffc6b600000 - 0x00007ffc6b61a000 	C:\Program Files\Android\Android Studio\jre\jre\bin\net.dll
0x00007ffc6df80000 - 0x00007ffc6dfdc000 	C:\WINDOWS\system32\mswsock.dll
0x00007ffc6b0e0000 - 0x00007ffc6b0f1000 	C:\Program Files\Android\Android Studio\jre\jre\bin\nio.dll
0x00007ffc6ccf0000 - 0x00007ffc6cd0e000 	C:\Users\eli\.gradle\native\25\windows-amd64\native-platform.dll
0x00007ffc6b680000 - 0x00007ffc6b68d000 	C:\Program Files\Android\Android Studio\jre\jre\bin\management.dll
0x00007ffc6e120000 - 0x00007ffc6e137000 	C:\WINDOWS\SYSTEM32\CRYPTSP.dll
0x00007ffc6dba0000 - 0x00007ffc6dbd4000 	C:\WINDOWS\system32\rsaenh.dll
0x00007ffc6e5a0000 - 0x00007ffc6e5c5000 	C:\WINDOWS\SYSTEM32\bcrypt.dll
0x00007ffc6e5d0000 - 0x00007ffc6e5f9000 	C:\WINDOWS\SYSTEM32\USERENV.dll
0x00007ffc6e140000 - 0x00007ffc6e14b000 	C:\WINDOWS\SYSTEM32\CRYPTBASE.dll
0x00007ffc6dd20000 - 0x00007ffc6dd57000 	C:\WINDOWS\SYSTEM32\IPHLPAPI.DLL
0x00007ffc71d90000 - 0x00007ffc71d98000 	C:\WINDOWS\System32\NSI.dll
0x00007ffc62590000 - 0x00007ffc625a6000 	C:\WINDOWS\SYSTEM32\dhcpcsvc6.DLL
0x00007ffc625d0000 - 0x00007ffc625ea000 	C:\WINDOWS\SYSTEM32\dhcpcsvc.DLL
0x00007ffc659a0000 - 0x00007ffc659c4000 	C:\Program Files\Android\Android Studio\jre\jre\bin\sunec.dll
0x00007ffc6dd60000 - 0x00007ffc6de04000 	C:\WINDOWS\SYSTEM32\DNSAPI.dll
0x0000000053d60000 - 0x0000000053d86000 	C:\Program Files\Bonjour\mdnsNSP.dll
0x00007ffc5c820000 - 0x00007ffc5c82a000 	C:\Windows\System32\rasadhlp.dll
0x00007ffc626c0000 - 0x00007ffc6272b000 	C:\WINDOWS\System32\fwpuclnt.dll
0x00007ffc6b0d0000 - 0x00007ffc6b0db000 	C:\Program Files\Android\Android Studio\jre\jre\bin\sunmscapi.dll
0x00007ffc6e880000 - 0x00007ffc6ea49000 	C:\WINDOWS\System32\CRYPT32.dll
0x00007ffc6e760000 - 0x00007ffc6e771000 	C:\WINDOWS\System32\MSASN1.dll

VM Arguments:
jvm_args: -Xmx1536m -Dfile.encoding=windows-1252 -Duser.country=US -Duser.language=en -Duser.variant -Xmx512M 
java_command: org.gradle.launcher.daemon.bootstrap.GradleDaemon 4.4
java_class_path (initial): C:\Users\eli\.gradle\wrapper\dists\gradle-4.4-all\9br9xq1tocpiv8o6njlyu5op1\gradle-4.4\lib\gradle-launcher-4.4.jar
Launcher Type: SUN_STANDARD

Environment Variables:
_JAVA_OPTIONS=-Xmx512M
USERNAME=eli
OS=Windows_NT
PROCESSOR_IDENTIFIER=Intel64 Family 6 Model 78 Stepping 3, GenuineIntel



---------------  S Y S T E M  ---------------

OS: Windows 10.0 , 64 bit Build 15063 (10.0.15063.1058)

CPU:total 4 (initial active 4) (2 cores per cpu, 2 threads per core) family 6 model 78 stepping 3, cmov, cx8, fxsr, mmx, sse, sse2, sse3, ssse3, sse4.1, sse4.2, popcnt, avx, avx2, aes, clmul, erms, 3dnowpref, lzcnt, ht, tsc, tscinvbit, bmi1, bmi2, adx

Memory: 4k page, physical 8284576k(385048k free), swap 11356576k(9700k free)

vm_info: OpenJDK 64-Bit Server VM (25.152-b02) for windows-amd64 JRE (1.8.0_152-release-1024-b02), built by "builder" with MS VC++ 10.0 (VS2010)

time: Sun May 06 19:04:05 2018
elapsed time: 110 seconds (0d 0h 1m 50s)

